<?xml version="1.0" encoding="UTF-8"?>
<robot generator="Robot 7.2.2 (Python 3.13.1 on win32)" generated="2025-04-22T16:05:48.823739" rpa="false" schemaversion="5">
<suite id="s1" name="Keywords" source="F:\Documentos\WorkspaceRobotFramework\PyCharm\RobotFramework\Test_Case\Keywords.robot">
<test id="s1-t1" name="Práctica Uno" line="18">
<kw name="Cargar Navegador" type="SETUP">
<kw name="Open Browser" owner="SeleniumLibrary">
<msg time="2025-04-22T16:05:49.263633" level="INFO">Opening browser 'firefox' to base url 'https://demoqa.com/text-box'.</msg>
<arg>${URL}</arg>
<arg>${NAVEGADOR}</arg>
<doc>Opens a new browser instance to the optional ``url``.</doc>
<status status="PASS" start="2025-04-22T16:05:49.262938" elapsed="14.312915"/>
</kw>
<kw name="Maximize Browser Window" owner="SeleniumLibrary">
<doc>Maximizes current browser window.</doc>
<status status="PASS" start="2025-04-22T16:06:03.576275" elapsed="0.279603"/>
</kw>
<kw name="Title Should Be" owner="SeleniumLibrary">
<msg time="2025-04-22T16:06:03.859681" level="INFO">Page title is 'DEMOQA'.</msg>
<arg>DEMOQA</arg>
<doc>Verifies that the current page title equals ``title``.</doc>
<status status="PASS" start="2025-04-22T16:06:03.856356" elapsed="0.003472"/>
</kw>
<kw name="F_foto_pagina" owner="Funciones">
<kw name="Capture Page Screenshot" owner="SeleniumLibrary">
<msg time="2025-04-22T16:06:04.029825" level="INFO" html="true">&lt;/td&gt;&lt;/tr&gt;&lt;tr&gt;&lt;td colspan="3"&gt;&lt;a href="../Reportes/Img/inicial.png"&gt;&lt;img src="../Reportes/Img/inicial.png" width="800px"&gt;&lt;/a&gt;</msg>
<arg>${ruta_fotos_pagina}/${nombre_imagen}</arg>
<doc>Takes a screenshot of the current page and embeds it into a log file.</doc>
<status status="PASS" start="2025-04-22T16:06:03.860638" elapsed="0.169319"/>
</kw>
<arg>inicial.png</arg>
<doc>Captura una captura de pantalla de toda la página con nombre personalizado.</doc>
<status status="PASS" start="2025-04-22T16:06:03.860169" elapsed="0.169911"/>
</kw>
<kw name="Sleep" owner="BuiltIn">
<msg time="2025-04-22T16:06:04.230632" level="INFO">Slept 200 milliseconds.</msg>
<arg>${ESPERA}</arg>
<doc>Pauses the test executed for the given time.</doc>
<status status="PASS" start="2025-04-22T16:06:04.030233" elapsed="0.200525"/>
</kw>
<doc>Abre el navegador, maximiza la ventana y toma una captura inicial de la página.</doc>
<status status="PASS" start="2025-04-22T16:05:49.261067" elapsed="14.969800"/>
</kw>
<kw name="Validar Nombre">
<kw name="Sleep" owner="BuiltIn">
<msg time="2025-04-22T16:06:04.432901" level="INFO">Slept 200 milliseconds.</msg>
<arg>${ESPERA}</arg>
<doc>Pauses the test executed for the given time.</doc>
<status status="PASS" start="2025-04-22T16:06:04.232218" elapsed="0.200815"/>
</kw>
<kw name="Element Should Be Visible" owner="SeleniumLibrary">
<msg time="2025-04-22T16:06:04.565864" level="INFO">Element 'id=userName' is displayed.</msg>
<arg>id=userName</arg>
<doc>Verifies that the element identified by ``locator`` is visible.</doc>
<status status="PASS" start="2025-04-22T16:06:04.433214" elapsed="0.132749"/>
</kw>
<kw name="Log To Console" owner="BuiltIn">
<arg>\nSe ingresa el nombre :: ${NOMBRE}</arg>
<doc>Logs the given message to the console.</doc>
<status status="PASS" start="2025-04-22T16:06:04.566106" elapsed="0.000485"/>
</kw>
<kw name="Input Text" owner="SeleniumLibrary">
<msg time="2025-04-22T16:06:04.567436" level="INFO">Typing text 'Rodrigo' into text field 'id=userName'.</msg>
<arg>id=userName</arg>
<arg>${NOMBRE}</arg>
<doc>Types the given ``text`` into the text field identified by ``locator``.</doc>
<status status="PASS" start="2025-04-22T16:06:04.567013" elapsed="0.098258"/>
</kw>
<doc>Verifica visibilidad del campo nombre y lo llena con el valor definido.</doc>
<status status="PASS" start="2025-04-22T16:06:04.231761" elapsed="0.433617"/>
</kw>
<kw name="Validar Correo">
<kw name="F_texto" owner="Funciones">
<kw name="Wait Until Element Is Visible" owner="SeleniumLibrary">
<arg>${selector}</arg>
<doc>Waits until the element ``locator`` is visible.</doc>
<status status="PASS" start="2025-04-22T16:06:04.666282" elapsed="0.017560"/>
</kw>
<kw name="Input Text" owner="SeleniumLibrary">
<msg time="2025-04-22T16:06:04.684227" level="INFO">Typing text 'rodrigo@gmail.com' into text field 'id=userEmail'.</msg>
<arg>${selector}</arg>
<arg>${valor}</arg>
<doc>Types the given ``text`` into the text field identified by ``locator``.</doc>
<status status="PASS" start="2025-04-22T16:06:04.684007" elapsed="0.022686"/>
</kw>
<arg>id=userEmail</arg>
<arg>${EMAIL}</arg>
<doc>Espera a que el elemento sea visible y escribe el texto indicado.</doc>
<status status="PASS" start="2025-04-22T16:06:04.666097" elapsed="0.040708"/>
</kw>
<doc>Llena el campo de correo usando un keyword reutilizable.</doc>
<status status="PASS" start="2025-04-22T16:06:04.665859" elapsed="0.041003"/>
</kw>
<kw name="Cargar Direcciones">
<kw name="Input Text" owner="SeleniumLibrary">
<msg time="2025-04-22T16:06:04.707875" level="INFO">Typing text 'Dirección uno' into text field 'id=currentAddress'.</msg>
<arg>id=currentAddress</arg>
<arg>${DIRECCION_1}</arg>
<doc>Types the given ``text`` into the text field identified by ``locator``.</doc>
<status status="PASS" start="2025-04-22T16:06:04.707575" elapsed="0.024249"/>
</kw>
<kw name="Sleep" owner="BuiltIn">
<msg time="2025-04-22T16:06:04.932361" level="INFO">Slept 200 milliseconds.</msg>
<arg>${ESPERA}</arg>
<doc>Pauses the test executed for the given time.</doc>
<status status="PASS" start="2025-04-22T16:06:04.732000" elapsed="0.200541"/>
</kw>
<kw name="Log To Console" owner="BuiltIn">
<arg>Cargando dirección :: ${DIRECCION_1}</arg>
<doc>Logs the given message to the console.</doc>
<status status="PASS" start="2025-04-22T16:06:04.932796" elapsed="0.000632"/>
</kw>
<kw name="Input Text" owner="SeleniumLibrary">
<msg time="2025-04-22T16:06:04.933968" level="INFO">Typing text 'Dirección dos' into text field 'id=permanentAddress'.</msg>
<arg>id=permanentAddress</arg>
<arg>${DIRECCION_2}</arg>
<doc>Types the given ``text`` into the text field identified by ``locator``.</doc>
<status status="PASS" start="2025-04-22T16:06:04.933659" elapsed="0.044300"/>
</kw>
<kw name="F_foto_selector" owner="Funciones">
<kw name="Wait Until Element Is Visible" owner="SeleniumLibrary">
<arg>${selector}</arg>
<doc>Waits until the element ``locator`` is visible.</doc>
<status status="PASS" start="2025-04-22T16:06:04.978526" elapsed="0.011095"/>
</kw>
<kw name="Wait Until Element Is Enabled" owner="SeleniumLibrary">
<arg>${selector}</arg>
<doc>Waits until the element ``locator`` is enabled.</doc>
<status status="PASS" start="2025-04-22T16:06:04.989792" elapsed="0.012910"/>
</kw>
<kw name="Element Should Be Visible" owner="SeleniumLibrary">
<msg time="2025-04-22T16:06:05.016272" level="INFO">Element 'id=permanentAddress' is displayed.</msg>
<arg>${selector}</arg>
<doc>Verifies that the element identified by ``locator`` is visible.</doc>
<status status="PASS" start="2025-04-22T16:06:05.003020" elapsed="0.013391"/>
</kw>
<kw name="Capture Element Screenshot" owner="SeleniumLibrary">
<msg time="2025-04-22T16:06:05.042450" level="INFO" html="true">&lt;/td&gt;&lt;/tr&gt;&lt;tr&gt;&lt;td colspan="3"&gt;&lt;a href="../Reportes/Img/Direccion2.png"&gt;&lt;img src="../Reportes/Img/Direccion2.png" width="400px"&gt;&lt;/a&gt;</msg>
<arg>${selector}</arg>
<arg>${ruta_fotos_pagina}/${nombre_imagen}</arg>
<doc>Captures a screenshot from the element identified by ``locator`` and embeds it into log file.</doc>
<status status="PASS" start="2025-04-22T16:06:05.016622" elapsed="0.026015"/>
</kw>
<arg>id=permanentAddress</arg>
<arg>Direccion2.png</arg>
<doc>Captura una imagen del elemento indicado, verificando visibilidad y disponibilidad.</doc>
<status status="PASS" start="2025-04-22T16:06:04.978222" elapsed="0.064591"/>
</kw>
<kw name="Sleep" owner="BuiltIn">
<msg time="2025-04-22T16:06:05.243848" level="INFO">Slept 200 milliseconds.</msg>
<arg>${ESPERA}</arg>
<doc>Pauses the test executed for the given time.</doc>
<status status="PASS" start="2025-04-22T16:06:05.043073" elapsed="0.200968"/>
</kw>
<kw name="Execute Javascript" owner="SeleniumLibrary">
<msg time="2025-04-22T16:06:05.245162" level="INFO">Executing JavaScript:
window.scrollTo(0, 200)
Without any arguments.</msg>
<arg>window.scrollTo(0, 200)</arg>
<doc>Executes the given JavaScript code with possible arguments.</doc>
<status status="PASS" start="2025-04-22T16:06:05.244526" elapsed="0.007023"/>
</kw>
<kw name="Sleep" owner="BuiltIn">
<msg time="2025-04-22T16:06:05.452322" level="INFO">Slept 200 milliseconds.</msg>
<arg>${ESPERA}</arg>
<doc>Pauses the test executed for the given time.</doc>
<status status="PASS" start="2025-04-22T16:06:05.251804" elapsed="0.200687"/>
</kw>
<doc>Llena los campos de dirección actual y permanente, y toma capturas.</doc>
<status status="PASS" start="2025-04-22T16:06:04.707212" elapsed="0.745419"/>
</kw>
<kw name="Enviar Información">
<kw name="Execute Javascript" owner="SeleniumLibrary">
<msg time="2025-04-22T16:06:05.455384" level="INFO">Executing JavaScript:
window.scrollTo(0, document.body.scrollHeight)
Without any arguments.</msg>
<arg>window.scrollTo(0, document.body.scrollHeight)</arg>
<doc>Executes the given JavaScript code with possible arguments.</doc>
<status status="PASS" start="2025-04-22T16:06:05.454006" elapsed="0.009115"/>
</kw>
<kw name="Sleep" owner="BuiltIn">
<msg time="2025-04-22T16:06:07.464155" level="INFO">Slept 2 seconds.</msg>
<arg>2</arg>
<doc>Pauses the test executed for the given time.</doc>
<status status="PASS" start="2025-04-22T16:06:05.463378" elapsed="2.000938"/>
</kw>
<kw name="Capture Page Screenshot" owner="SeleniumLibrary">
<msg time="2025-04-22T16:06:07.547560" level="INFO" html="true">&lt;/td&gt;&lt;/tr&gt;&lt;tr&gt;&lt;td colspan="3"&gt;&lt;a href="../Reportes/Img/final.png"&gt;&lt;img src="../Reportes/Img/final.png" width="800px"&gt;&lt;/a&gt;</msg>
<arg>${IMG_DIR}/final.png</arg>
<doc>Takes a screenshot of the current page and embeds it into a log file.</doc>
<status status="PASS" start="2025-04-22T16:06:07.464569" elapsed="0.083134"/>
</kw>
<kw name="F_foto_pagina" owner="Funciones">
<kw name="Capture Page Screenshot" owner="SeleniumLibrary">
<msg time="2025-04-22T16:06:07.612168" level="INFO" html="true">&lt;/td&gt;&lt;/tr&gt;&lt;tr&gt;&lt;td colspan="3"&gt;&lt;a href="../Reportes/Img/final2.png"&gt;&lt;img src="../Reportes/Img/final2.png" width="800px"&gt;&lt;/a&gt;</msg>
<arg>${ruta_fotos_pagina}/${nombre_imagen}</arg>
<doc>Takes a screenshot of the current page and embeds it into a log file.</doc>
<status status="PASS" start="2025-04-22T16:06:07.548331" elapsed="0.063974"/>
</kw>
<arg>final2.png</arg>
<doc>Captura una captura de pantalla de toda la página con nombre personalizado.</doc>
<status status="PASS" start="2025-04-22T16:06:07.547925" elapsed="0.064554"/>
</kw>
<kw name="Execute Javascript" owner="SeleniumLibrary">
<msg time="2025-04-22T16:06:07.612907" level="INFO">Executing JavaScript:
document.getElementById("adplus-anchor").style.display = "none";
Without any arguments.</msg>
<arg>document.getElementById("adplus-anchor").style.display = "none";</arg>
<doc>Executes the given JavaScript code with possible arguments.</doc>
<status status="PASS" start="2025-04-22T16:06:07.612600" elapsed="0.006165"/>
</kw>
<kw name="Click Button" owner="SeleniumLibrary">
<msg time="2025-04-22T16:06:07.619177" level="INFO">Clicking button 'id=submit'.</msg>
<arg>id=submit</arg>
<doc>Clicks the button identified by ``locator``.</doc>
<status status="PASS" start="2025-04-22T16:06:07.618957" elapsed="0.226625"/>
</kw>
<doc>Captura pantalla final, oculta anuncio y envía el formulario.</doc>
<status status="PASS" start="2025-04-22T16:06:05.453550" elapsed="2.392255"/>
</kw>
<kw name="Cerrar Navegador" type="TEARDOWN">
<kw name="Close Browser" owner="SeleniumLibrary">
<doc>Closes the current browser.</doc>
<status status="PASS" start="2025-04-22T16:06:07.846925" elapsed="2.920565"/>
</kw>
<doc>Cierra el navegador al finalizar el test.</doc>
<status status="PASS" start="2025-04-22T16:06:07.846467" elapsed="2.921217"/>
</kw>
<doc>Caso de prueba que automatiza el formulario de DEMOQA utilizando keywords personalizados.</doc>
<tag>test_uno</tag>
<status status="PASS" start="2025-04-22T16:05:49.259933" elapsed="21.508241"/>
</test>
<doc>Práctica de uso de Keywords personalizados para automatizar el formulario de DEMOQA.</doc>
<status status="PASS" start="2025-04-22T16:05:48.825726" elapsed="21.944048"/>
</suite>
<statistics>
<total>
<stat pass="1" fail="0" skip="0">All Tests</stat>
</total>
<tag>
<stat pass="1" fail="0" skip="0">test_uno</stat>
</tag>
<suite>
<stat name="Keywords" id="s1" pass="1" fail="0" skip="0">Keywords</stat>
</suite>
</statistics>
<errors>
</errors>
</robot>
