<?xml version="1.0" encoding="UTF-8"?>
<robot generator="Robot 7.2.2 (Python 3.13.1 on win32)" generated="2025-03-24T21:07:04.005296" rpa="false" schemaversion="5">
<suite id="s1" name="Base For" source="F:\Documentos\WorkspaceRobotFramework\PyCharm\RobotFramework\Test_Case\Base_For.robot">
<test id="s1-t1" name="Demo uno" line="16">
<kw name="Open Browser" owner="SeleniumLibrary">
<msg time="2025-03-24T21:07:04.318984" level="INFO">Opening browser 'chrome' to base url 'https://demoqa.com/text-box'.</msg>
<arg>${url}</arg>
<arg>${navegador}</arg>
<doc>Opens a new browser instance to the optional ``url``.</doc>
<status status="PASS" start="2025-03-24T21:07:04.318409" elapsed="11.437695"/>
</kw>
<kw name="Maximize Browser Window" owner="SeleniumLibrary">
<doc>Maximizes current browser window.</doc>
<status status="PASS" start="2025-03-24T21:07:15.756626" elapsed="0.040447"/>
</kw>
<kw name="Title Should Be" owner="SeleniumLibrary">
<msg time="2025-03-24T21:07:15.802348" level="INFO">Page title is 'DEMOQA'.</msg>
<arg>DEMOQA</arg>
<doc>Verifies that the current page title equals ``title``.</doc>
<status status="PASS" start="2025-03-24T21:07:15.797401" elapsed="0.005067"/>
</kw>
<kw name="Set Selenium Implicit Wait" owner="SeleniumLibrary">
<arg>10</arg>
<doc>Sets the implicit wait value used by Selenium.</doc>
<status status="PASS" start="2025-03-24T21:07:15.802721" elapsed="0.001127"/>
</kw>
<kw name="Set Selenium Speed" owner="SeleniumLibrary">
<arg>.1s</arg>
<doc>Sets the delay that is waited after each Selenium command.</doc>
<status status="PASS" start="2025-03-24T21:07:15.804052" elapsed="0.000199"/>
</kw>
<for flavor="IN RANGE">
<iter>
<kw name="Log To Console" owner="BuiltIn">
<arg>${1}</arg>
<doc>Logs the given message to the console.</doc>
<status status="PASS" start="2025-03-24T21:07:15.804675" elapsed="0.000506"/>
</kw>
<kw name="Open Browser" owner="SeleniumLibrary">
<msg time="2025-03-24T21:07:15.805831" level="INFO">Opening browser 'chrome' to base url 'https://demoqa.com/text-box'.</msg>
<arg>${url}</arg>
<arg>${navegador}</arg>
<doc>Opens a new browser instance to the optional ``url``.</doc>
<status status="PASS" start="2025-03-24T21:07:15.805555" elapsed="2.245564"/>
</kw>
<kw name="Maximize Browser Window" owner="SeleniumLibrary">
<doc>Maximizes current browser window.</doc>
<status status="PASS" start="2025-03-24T21:07:18.051380" elapsed="8.260334"/>
</kw>
<var name="${i}">0</var>
<status status="PASS" start="2025-03-24T21:07:15.804583" elapsed="10.507335"/>
</iter>
<iter>
<kw name="Log To Console" owner="BuiltIn">
<arg>${1}</arg>
<doc>Logs the given message to the console.</doc>
<status status="PASS" start="2025-03-24T21:07:26.312608" elapsed="0.000886"/>
</kw>
<kw name="Open Browser" owner="SeleniumLibrary">
<msg time="2025-03-24T21:07:26.314242" level="INFO">Opening browser 'chrome' to base url 'https://demoqa.com/text-box'.</msg>
<arg>${url}</arg>
<arg>${navegador}</arg>
<doc>Opens a new browser instance to the optional ``url``.</doc>
<status status="PASS" start="2025-03-24T21:07:26.313790" elapsed="10.290878"/>
</kw>
<kw name="Maximize Browser Window" owner="SeleniumLibrary">
<doc>Maximizes current browser window.</doc>
<status status="PASS" start="2025-03-24T21:07:36.604943" elapsed="0.154311"/>
</kw>
<var name="${i}">1</var>
<status status="PASS" start="2025-03-24T21:07:26.312289" elapsed="10.447120"/>
</iter>
<iter>
<kw name="Log To Console" owner="BuiltIn">
<arg>${1}</arg>
<doc>Logs the given message to the console.</doc>
<status status="PASS" start="2025-03-24T21:07:36.759879" elapsed="0.000850"/>
</kw>
<kw name="Open Browser" owner="SeleniumLibrary">
<msg time="2025-03-24T21:07:36.761543" level="INFO">Opening browser 'chrome' to base url 'https://demoqa.com/text-box'.</msg>
<arg>${url}</arg>
<arg>${navegador}</arg>
<doc>Opens a new browser instance to the optional ``url``.</doc>
<status status="PASS" start="2025-03-24T21:07:36.761077" elapsed="10.093537"/>
</kw>
<kw name="Maximize Browser Window" owner="SeleniumLibrary">
<doc>Maximizes current browser window.</doc>
<status status="PASS" start="2025-03-24T21:07:46.855074" elapsed="0.142677"/>
</kw>
<var name="${i}">2</var>
<status status="PASS" start="2025-03-24T21:07:36.759675" elapsed="10.238203"/>
</iter>
<iter>
<kw name="Log To Console" owner="BuiltIn">
<arg>${1}</arg>
<doc>Logs the given message to the console.</doc>
<status status="PASS" start="2025-03-24T21:07:46.998272" elapsed="0.000597"/>
</kw>
<kw name="Open Browser" owner="SeleniumLibrary">
<msg time="2025-03-24T21:07:46.999626" level="INFO">Opening browser 'chrome' to base url 'https://demoqa.com/text-box'.</msg>
<arg>${url}</arg>
<arg>${navegador}</arg>
<doc>Opens a new browser instance to the optional ``url``.</doc>
<status status="PASS" start="2025-03-24T21:07:46.999130" elapsed="9.991014"/>
</kw>
<kw name="Maximize Browser Window" owner="SeleniumLibrary">
<doc>Maximizes current browser window.</doc>
<status status="PASS" start="2025-03-24T21:07:56.990465" elapsed="0.142969"/>
</kw>
<var name="${i}">3</var>
<status status="PASS" start="2025-03-24T21:07:46.998107" elapsed="10.135499"/>
</iter>
<iter>
<kw name="Log To Console" owner="BuiltIn">
<arg>${1}</arg>
<doc>Logs the given message to the console.</doc>
<status status="PASS" start="2025-03-24T21:07:57.134347" elapsed="0.000719"/>
</kw>
<kw name="Open Browser" owner="SeleniumLibrary">
<msg time="2025-03-24T21:07:57.135761" level="INFO">Opening browser 'chrome' to base url 'https://demoqa.com/text-box'.</msg>
<arg>${url}</arg>
<arg>${navegador}</arg>
<doc>Opens a new browser instance to the optional ``url``.</doc>
<status status="PASS" start="2025-03-24T21:07:57.135362" elapsed="10.723416"/>
</kw>
<kw name="Maximize Browser Window" owner="SeleniumLibrary">
<doc>Maximizes current browser window.</doc>
<status status="PASS" start="2025-03-24T21:08:07.859116" elapsed="0.153748"/>
</kw>
<var name="${i}">4</var>
<status status="PASS" start="2025-03-24T21:07:57.133919" elapsed="10.879079"/>
</iter>
<var>${i}</var>
<value>0</value>
<value>5</value>
<status status="PASS" start="2025-03-24T21:07:15.804372" elapsed="52.208704"/>
</for>
<for flavor="IN">
<iter>
<kw name="Exit For Loop If" owner="BuiltIn">
<arg>$items=='RobotFramework'</arg>
<doc>Stops executing the enclosing FOR loop if the ``condition`` is true.</doc>
<status status="PASS" start="2025-03-24T21:08:08.014356" elapsed="0.000652"/>
</kw>
<kw name="Log To Console" owner="BuiltIn">
<arg>${items}</arg>
<doc>Logs the given message to the console.</doc>
<status status="PASS" start="2025-03-24T21:08:08.015277" elapsed="0.000517"/>
</kw>
<kw name="Generate Random String" owner="String">
<msg time="2025-03-24T21:08:08.016600" level="INFO">${numbers} = 10928</msg>
<var>${numbers}</var>
<arg>5</arg>
<arg>0123456789123</arg>
<doc>Generates a string with a desired ``length`` from the given ``chars``.</doc>
<status status="PASS" start="2025-03-24T21:08:08.016150" elapsed="0.000499"/>
</kw>
<kw name="Log To Console" owner="BuiltIn">
<arg>${numbers}</arg>
<doc>Logs the given message to the console.</doc>
<status status="PASS" start="2025-03-24T21:08:08.016826" elapsed="0.000486"/>
</kw>
<var name="${items}">Bender</var>
<status status="PASS" start="2025-03-24T21:08:08.013952" elapsed="0.003456"/>
</iter>
<iter>
<kw name="Exit For Loop If" owner="BuiltIn">
<arg>$items=='RobotFramework'</arg>
<doc>Stops executing the enclosing FOR loop if the ``condition`` is true.</doc>
<status status="PASS" start="2025-03-24T21:08:08.017729" elapsed="0.000325"/>
</kw>
<kw name="Log To Console" owner="BuiltIn">
<arg>${items}</arg>
<doc>Logs the given message to the console.</doc>
<status status="PASS" start="2025-03-24T21:08:08.018234" elapsed="0.000414"/>
</kw>
<kw name="Generate Random String" owner="String">
<msg time="2025-03-24T21:08:08.019081" level="INFO">${numbers} = 92132</msg>
<var>${numbers}</var>
<arg>5</arg>
<arg>0123456789123</arg>
<doc>Generates a string with a desired ``length`` from the given ``chars``.</doc>
<status status="PASS" start="2025-03-24T21:08:08.018806" elapsed="0.000315"/>
</kw>
<kw name="Log To Console" owner="BuiltIn">
<arg>${numbers}</arg>
<doc>Logs the given message to the console.</doc>
<status status="PASS" start="2025-03-24T21:08:08.019502" elapsed="0.000365"/>
</kw>
<var name="${items}">Reminator</var>
<status status="PASS" start="2025-03-24T21:08:08.017598" elapsed="0.002390"/>
</iter>
<iter>
<kw name="Exit For Loop If" owner="BuiltIn">
<arg>$items=='RobotFramework'</arg>
<doc>Stops executing the enclosing FOR loop if the ``condition`` is true.</doc>
<status status="PASS" start="2025-03-24T21:08:08.020333" elapsed="0.000270"/>
</kw>
<kw name="Log To Console" owner="BuiltIn">
<arg>${items}</arg>
<doc>Logs the given message to the console.</doc>
<status status="PASS" start="2025-03-24T21:08:08.020737" elapsed="0.000740"/>
</kw>
<kw name="Generate Random String" owner="String">
<msg time="2025-03-24T21:08:08.021884" level="INFO">${numbers} = 11293</msg>
<var>${numbers}</var>
<arg>5</arg>
<arg>0123456789123</arg>
<doc>Generates a string with a desired ``length`` from the given ``chars``.</doc>
<status status="PASS" start="2025-03-24T21:08:08.021629" elapsed="0.000291"/>
</kw>
<kw name="Log To Console" owner="BuiltIn">
<arg>${numbers}</arg>
<doc>Logs the given message to the console.</doc>
<status status="PASS" start="2025-03-24T21:08:08.022041" elapsed="0.000334"/>
</kw>
<var name="${items}">Robocob</var>
<status status="PASS" start="2025-03-24T21:08:08.020208" elapsed="0.002282"/>
</iter>
<iter>
<kw name="Exit For Loop If" owner="BuiltIn">
<msg time="2025-03-24T21:08:08.023221" level="INFO">Exiting for loop altogether.</msg>
<arg>$items=='RobotFramework'</arg>
<doc>Stops executing the enclosing FOR loop if the ``condition`` is true.</doc>
<status status="PASS" start="2025-03-24T21:08:08.022927" elapsed="0.000418"/>
</kw>
<kw name="Log To Console" owner="BuiltIn">
<arg>${items}</arg>
<doc>Logs the given message to the console.</doc>
<status status="NOT RUN" start="2025-03-24T21:08:08.023509" elapsed="0.000053"/>
</kw>
<kw name="Generate Random String" owner="String">
<var>${numbers}</var>
<arg>5</arg>
<arg>0123456789123</arg>
<doc>Generates a string with a desired ``length`` from the given ``chars``.</doc>
<status status="NOT RUN" start="2025-03-24T21:08:08.023722" elapsed="0.000036"/>
</kw>
<kw name="Log To Console" owner="BuiltIn">
<arg>${numbers}</arg>
<doc>Logs the given message to the console.</doc>
<status status="NOT RUN" start="2025-03-24T21:08:08.023934" elapsed="0.000033"/>
</kw>
<var name="${items}">RobotFramework</var>
<status status="PASS" start="2025-03-24T21:08:08.022728" elapsed="0.001292"/>
</iter>
<var>${items}</var>
<value>@{ROBOTS}</value>
<status status="PASS" start="2025-03-24T21:08:08.013451" elapsed="0.010639"/>
</for>
<kw name="Sleep" owner="BuiltIn">
<msg time="2025-03-24T21:08:10.025499" level="INFO">Slept 2 seconds.</msg>
<arg>2</arg>
<doc>Pauses the test executed for the given time.</doc>
<status status="PASS" start="2025-03-24T21:08:08.024530" elapsed="2.001190"/>
</kw>
<kw name="Close All Browsers" owner="SeleniumLibrary">
<doc>Closes all open browsers and resets the browser cache.</doc>
<status status="PASS" start="2025-03-24T21:08:10.026308" elapsed="13.463836"/>
</kw>
<doc>Prueba For</doc>
<tag>test_uno</tag>
<status status="PASS" start="2025-03-24T21:07:04.316559" elapsed="79.174313"/>
</test>
<doc>Demo de las Variables</doc>
<status status="PASS" start="2025-03-24T21:07:04.025616" elapsed="79.466126"/>
</suite>
<statistics>
<total>
<stat pass="1" fail="0" skip="0">All Tests</stat>
</total>
<tag>
<stat pass="1" fail="0" skip="0">test_uno</stat>
</tag>
<suite>
<stat name="Base For" id="s1" pass="1" fail="0" skip="0">Base For</stat>
</suite>
</statistics>
<errors>
<msg time="2025-03-24T21:07:04.019230" level="ERROR">Taking listener 'allure_robotframework' into use failed: Importing listener 'allure_robotframework' failed: ModuleNotFoundError: No module named 'allure_robotframework'
Traceback (most recent call last):
  None
PYTHONPATH:
  C:\Users\PC\PycharmProjects\PythonProject\.venv\Scripts\robot.exe
  C:\Users\PC\PycharmProjects\PythonProject\.venv\Scripts\python313.zip
  C:\Python313\DLLs
  C:\Python313\Lib
  C:\Python313
  C:\Users\PC\PycharmProjects\PythonProject\.venv
  C:\Users\PC\PycharmProjects\PythonProject\.venv\Lib\site-packages</msg>
</errors>
</robot>
