<?xml version="1.0" encoding="UTF-8"?>
<robot generator="Robot 7.2.2 (Python 3.13.1 on win32)" generated="2025-03-24T17:44:50.973830" rpa="false" schemaversion="5">
<suite id="s1" name="Base For" source="F:\Documentos\WorkspaceRobotFramework\PyCharm\RobotFramework\Test_Case\Base_For.robot">
<test id="s1-t1" name="Demo uno" line="15">
<kw name="Open Browser" owner="SeleniumLibrary">
<msg time="2025-03-24T17:44:51.231248" level="INFO">Opening browser 'chrome' to base url 'https://demoqa.com/text-box'.</msg>
<arg>${url}</arg>
<arg>${navegador}</arg>
<doc>Opens a new browser instance to the optional ``url``.</doc>
<status status="PASS" start="2025-03-24T17:44:51.230949" elapsed="28.533529"/>
</kw>
<kw name="Maximize Browser Window" owner="SeleniumLibrary">
<doc>Maximizes current browser window.</doc>
<status status="PASS" start="2025-03-24T17:45:19.765491" elapsed="0.073876"/>
</kw>
<kw name="Title Should Be" owner="SeleniumLibrary">
<msg time="2025-03-24T17:45:19.856276" level="INFO">Page title is 'DEMOQA'.</msg>
<arg>DEMOQA</arg>
<doc>Verifies that the current page title equals ``title``.</doc>
<status status="PASS" start="2025-03-24T17:45:19.840250" elapsed="0.016726"/>
</kw>
<kw name="Set Selenium Implicit Wait" owner="SeleniumLibrary">
<arg>10</arg>
<doc>Sets the implicit wait value used by Selenium.</doc>
<status status="PASS" start="2025-03-24T17:45:19.857571" elapsed="0.002399"/>
</kw>
<kw name="Set Selenium Speed" owner="SeleniumLibrary">
<arg>.1s</arg>
<doc>Sets the delay that is waited after each Selenium command.</doc>
<status status="PASS" start="2025-03-24T17:45:19.860448" elapsed="0.000872"/>
</kw>
<for flavor="IN RANGE">
<iter>
<kw name="Log To Console" owner="BuiltIn">
<arg>${1}</arg>
<doc>Logs the given message to the console.</doc>
<status status="PASS" start="2025-03-24T17:45:19.863792" elapsed="0.001102"/>
</kw>
<kw name="Open Browser" owner="SeleniumLibrary">
<msg time="2025-03-24T17:45:19.865646" level="INFO">Opening browser 'chrome' to base url 'https://demoqa.com/text-box'.</msg>
<arg>${url}</arg>
<arg>${navegador}</arg>
<doc>Opens a new browser instance to the optional ``url``.</doc>
<status status="PASS" start="2025-03-24T17:45:19.865217" elapsed="9.949997"/>
</kw>
<kw name="Maximize Browser Window" owner="SeleniumLibrary">
<doc>Maximizes current browser window.</doc>
<status status="PASS" start="2025-03-24T17:45:29.815691" elapsed="0.171726"/>
</kw>
<var name="${i}">0</var>
<status status="PASS" start="2025-03-24T17:45:19.863400" elapsed="10.125124"/>
</iter>
<iter>
<kw name="Log To Console" owner="BuiltIn">
<arg>${1}</arg>
<doc>Logs the given message to the console.</doc>
<status status="PASS" start="2025-03-24T17:45:29.990899" elapsed="0.001561"/>
</kw>
<kw name="Open Browser" owner="SeleniumLibrary">
<msg time="2025-03-24T17:45:29.993439" level="INFO">Opening browser 'chrome' to base url 'https://demoqa.com/text-box'.</msg>
<arg>${url}</arg>
<arg>${navegador}</arg>
<doc>Opens a new browser instance to the optional ``url``.</doc>
<status status="PASS" start="2025-03-24T17:45:29.993068" elapsed="2.475642"/>
</kw>
<kw name="Maximize Browser Window" owner="SeleniumLibrary">
<doc>Maximizes current browser window.</doc>
<status status="PASS" start="2025-03-24T17:45:32.469329" elapsed="25.209155"/>
</kw>
<var name="${i}">1</var>
<status status="PASS" start="2025-03-24T17:45:29.990461" elapsed="27.688327"/>
</iter>
<iter>
<kw name="Log To Console" owner="BuiltIn">
<arg>${1}</arg>
<doc>Logs the given message to the console.</doc>
<status status="PASS" start="2025-03-24T17:45:57.680020" elapsed="0.001236"/>
</kw>
<kw name="Open Browser" owner="SeleniumLibrary">
<msg time="2025-03-24T17:45:57.682434" level="INFO">Opening browser 'chrome' to base url 'https://demoqa.com/text-box'.</msg>
<arg>${url}</arg>
<arg>${navegador}</arg>
<doc>Opens a new browser instance to the optional ``url``.</doc>
<status status="PASS" start="2025-03-24T17:45:57.681789" elapsed="10.324677"/>
</kw>
<kw name="Maximize Browser Window" owner="SeleniumLibrary">
<doc>Maximizes current browser window.</doc>
<status status="PASS" start="2025-03-24T17:46:08.006877" elapsed="0.178570"/>
</kw>
<var name="${i}">2</var>
<status status="PASS" start="2025-03-24T17:45:57.679739" elapsed="10.505885"/>
</iter>
<iter>
<kw name="Log To Console" owner="BuiltIn">
<arg>${1}</arg>
<doc>Logs the given message to the console.</doc>
<status status="PASS" start="2025-03-24T17:46:08.186128" elapsed="0.001061"/>
</kw>
<kw name="Open Browser" owner="SeleniumLibrary">
<msg time="2025-03-24T17:46:08.188235" level="INFO">Opening browser 'chrome' to base url 'https://demoqa.com/text-box'.</msg>
<arg>${url}</arg>
<arg>${navegador}</arg>
<doc>Opens a new browser instance to the optional ``url``.</doc>
<status status="PASS" start="2025-03-24T17:46:08.187743" elapsed="2.527461"/>
</kw>
<kw name="Maximize Browser Window" owner="SeleniumLibrary">
<doc>Maximizes current browser window.</doc>
<status status="PASS" start="2025-03-24T17:46:10.715682" elapsed="7.617744"/>
</kw>
<var name="${i}">3</var>
<status status="PASS" start="2025-03-24T17:46:08.185979" elapsed="10.147719"/>
</iter>
<iter>
<kw name="Log To Console" owner="BuiltIn">
<arg>${1}</arg>
<doc>Logs the given message to the console.</doc>
<status status="PASS" start="2025-03-24T17:46:18.334852" elapsed="0.002886"/>
</kw>
<kw name="Open Browser" owner="SeleniumLibrary">
<msg time="2025-03-24T17:46:18.339136" level="INFO">Opening browser 'chrome' to base url 'https://demoqa.com/text-box'.</msg>
<arg>${url}</arg>
<arg>${navegador}</arg>
<doc>Opens a new browser instance to the optional ``url``.</doc>
<status status="PASS" start="2025-03-24T17:46:18.338075" elapsed="2.403713"/>
</kw>
<kw name="Maximize Browser Window" owner="SeleniumLibrary">
<doc>Maximizes current browser window.</doc>
<status status="PASS" start="2025-03-24T17:46:20.742444" elapsed="8.680965"/>
</kw>
<var name="${i}">4</var>
<status status="PASS" start="2025-03-24T17:46:18.334479" elapsed="11.089198"/>
</iter>
<var>${i}</var>
<value>0</value>
<value>5</value>
<status status="PASS" start="2025-03-24T17:45:19.862102" elapsed="69.561755"/>
</for>
<for flavor="IN">
<iter>
<kw name="Exit For Loop If" owner="BuiltIn">
<arg>$items=='RobotFramework'</arg>
<doc>Stops executing the enclosing FOR loop if the ``condition`` is true.</doc>
<status status="PASS" start="2025-03-24T17:46:29.425531" elapsed="0.000782"/>
</kw>
<kw name="Log To Console" owner="BuiltIn">
<arg>${items}</arg>
<doc>Logs the given message to the console.</doc>
<status status="PASS" start="2025-03-24T17:46:29.426684" elapsed="0.000857"/>
</kw>
<kw name="Generate Random String" owner="String">
<msg time="2025-03-24T17:46:29.428625" level="INFO">${numbers} = 26262</msg>
<var>${numbers}</var>
<arg>5</arg>
<arg>0123456789123</arg>
<doc>Generates a string with a desired ``length`` from the given ``chars``.</doc>
<status status="PASS" start="2025-03-24T17:46:29.427840" elapsed="0.000879"/>
</kw>
<kw name="Log To Console" owner="BuiltIn">
<arg>${numbers}</arg>
<doc>Logs the given message to the console.</doc>
<status status="PASS" start="2025-03-24T17:46:29.429075" elapsed="0.001189"/>
</kw>
<var name="${items}">Bender</var>
<status status="PASS" start="2025-03-24T17:46:29.425189" elapsed="0.005216"/>
</iter>
<iter>
<kw name="Exit For Loop If" owner="BuiltIn">
<arg>$items=='RobotFramework'</arg>
<doc>Stops executing the enclosing FOR loop if the ``condition`` is true.</doc>
<status status="PASS" start="2025-03-24T17:46:29.430848" elapsed="0.000419"/>
</kw>
<kw name="Log To Console" owner="BuiltIn">
<arg>${items}</arg>
<doc>Logs the given message to the console.</doc>
<status status="PASS" start="2025-03-24T17:46:29.431458" elapsed="0.001880"/>
</kw>
<kw name="Generate Random String" owner="String">
<msg time="2025-03-24T17:46:29.434623" level="INFO">${numbers} = 18749</msg>
<var>${numbers}</var>
<arg>5</arg>
<arg>0123456789123</arg>
<doc>Generates a string with a desired ``length`` from the given ``chars``.</doc>
<status status="PASS" start="2025-03-24T17:46:29.433776" elapsed="0.000949"/>
</kw>
<kw name="Log To Console" owner="BuiltIn">
<arg>${numbers}</arg>
<doc>Logs the given message to the console.</doc>
<status status="PASS" start="2025-03-24T17:46:29.435531" elapsed="0.000716"/>
</kw>
<var name="${items}">Reminator</var>
<status status="PASS" start="2025-03-24T17:46:29.430671" elapsed="0.005776"/>
</iter>
<iter>
<kw name="Exit For Loop If" owner="BuiltIn">
<arg>$items=='RobotFramework'</arg>
<doc>Stops executing the enclosing FOR loop if the ``condition`` is true.</doc>
<status status="PASS" start="2025-03-24T17:46:29.437278" elapsed="0.000542"/>
</kw>
<kw name="Log To Console" owner="BuiltIn">
<arg>${items}</arg>
<doc>Logs the given message to the console.</doc>
<status status="PASS" start="2025-03-24T17:46:29.438097" elapsed="0.000779"/>
</kw>
<kw name="Generate Random String" owner="String">
<msg time="2025-03-24T17:46:29.439558" level="INFO">${numbers} = 65435</msg>
<var>${numbers}</var>
<arg>5</arg>
<arg>0123456789123</arg>
<doc>Generates a string with a desired ``length`` from the given ``chars``.</doc>
<status status="PASS" start="2025-03-24T17:46:29.439148" elapsed="0.000467"/>
</kw>
<kw name="Log To Console" owner="BuiltIn">
<arg>${numbers}</arg>
<doc>Logs the given message to the console.</doc>
<status status="PASS" start="2025-03-24T17:46:29.439818" elapsed="0.000756"/>
</kw>
<var name="${items}">Robocob</var>
<status status="PASS" start="2025-03-24T17:46:29.436993" elapsed="0.003719"/>
</iter>
<iter>
<kw name="Exit For Loop If" owner="BuiltIn">
<msg time="2025-03-24T17:46:29.441459" level="INFO">Exiting for loop altogether.</msg>
<arg>$items=='RobotFramework'</arg>
<doc>Stops executing the enclosing FOR loop if the ``condition`` is true.</doc>
<status status="PASS" start="2025-03-24T17:46:29.441110" elapsed="0.000505"/>
</kw>
<kw name="Log To Console" owner="BuiltIn">
<arg>${items}</arg>
<doc>Logs the given message to the console.</doc>
<status status="NOT RUN" start="2025-03-24T17:46:29.441823" elapsed="0.000146"/>
</kw>
<kw name="Generate Random String" owner="String">
<var>${numbers}</var>
<arg>5</arg>
<arg>0123456789123</arg>
<doc>Generates a string with a desired ``length`` from the given ``chars``.</doc>
<status status="NOT RUN" start="2025-03-24T17:46:29.442342" elapsed="0.000086"/>
</kw>
<kw name="Log To Console" owner="BuiltIn">
<arg>${numbers}</arg>
<doc>Logs the given message to the console.</doc>
<status status="NOT RUN" start="2025-03-24T17:46:29.442684" elapsed="0.000067"/>
</kw>
<var name="${items}">RobotFramework</var>
<status status="PASS" start="2025-03-24T17:46:29.440942" elapsed="0.001978"/>
</iter>
<var>${items}</var>
<value>@{ROBOTS}</value>
<status status="PASS" start="2025-03-24T17:46:29.424528" elapsed="0.019045"/>
</for>
<kw name="Sleep" owner="BuiltIn">
<msg time="2025-03-24T17:46:31.445340" level="INFO">Slept 2 seconds.</msg>
<arg>2</arg>
<doc>Pauses the test executed for the given time.</doc>
<status status="PASS" start="2025-03-24T17:46:29.444307" elapsed="2.001277"/>
</kw>
<kw name="Close All Browsers" owner="SeleniumLibrary">
<doc>Closes all open browsers and resets the browser cache.</doc>
<status status="PASS" start="2025-03-24T17:46:31.446441" elapsed="14.265358"/>
</kw>
<doc>Prueba For</doc>
<tag>test_uno</tag>
<status status="PASS" start="2025-03-24T17:44:51.228956" elapsed="114.484159"/>
</test>
<doc>Demo de las Variables</doc>
<status status="PASS" start="2025-03-24T17:44:50.975541" elapsed="114.739775"/>
</suite>
<statistics>
<total>
<stat pass="1" fail="0" skip="0">All Tests</stat>
</total>
<tag>
<stat pass="1" fail="0" skip="0">test_uno</stat>
</tag>
<suite>
<stat name="Base For" id="s1" pass="1" fail="0" skip="0">Base For</stat>
</suite>
</statistics>
<errors>
</errors>
</robot>
